C:\USERS\NAMIKURO\DROPBOX\GUMBALL MACHINE\GUMBALL MACHINE\DEBUG\GUMBALL MACHINE.OBJ
C:\USERS\NAMIKURO\DROPBOX\GUMBALL MACHINE\GUMBALL MACHINE\DEBUG\VC110.PDB
C:\USERS\NAMIKURO\DROPBOX\GUMBALL MACHINE\DEBUG\GUMBALL MACHINE.ILK
C:\USERS\NAMIKURO\DROPBOX\GUMBALL MACHINE\DEBUG\GUMBALL MACHINE.EXE
C:\USERS\NAMIKURO\DROPBOX\GUMBALL MACHINE\DEBUG\GUMBALL MACHINE.PDB
C:\Users\NamiKuro\Dropbox\Gumball Machine\Gumball Machine\Debug\GumBall Machine.obj
C:\Users\NamiKuro\Dropbox\Gumball Machine\Gumball Machine\Debug\cl.command.1.tlog
C:\Users\NamiKuro\Dropbox\Gumball Machine\Gumball Machine\Debug\CL.read.1.tlog
C:\Users\NamiKuro\Dropbox\Gumball Machine\Gumball Machine\Debug\CL.write.1.tlog
C:\Users\NamiKuro\Dropbox\Gumball Machine\Gumball Machine\Debug\link-cvtres.read.1.tlog
C:\Users\NamiKuro\Dropbox\Gumball Machine\Gumball Machine\Debug\link-cvtres.write.1.tlog
C:\Users\NamiKuro\Dropbox\Gumball Machine\Gumball Machine\Debug\link-rc.read.1.tlog
C:\Users\NamiKuro\Dropbox\Gumball Machine\Gumball Machine\Debug\link-rc.write.1.tlog
C:\Users\NamiKuro\Dropbox\Gumball Machine\Gumball Machine\Debug\link.command.1.tlog
C:\Users\NamiKuro\Dropbox\Gumball Machine\Gumball Machine\Debug\link.read.1.tlog
C:\Users\NamiKuro\Dropbox\Gumball Machine\Gumball Machine\Debug\link.write.1.tlog
C:\Users\NamiKuro\Dropbox\Gumball Machine\Gumball Machine\Debug\vc110.idb
C:\Users\NamiKuro\Dropbox\Gumball Machine\Gumball Machine\Debug\vc110.pdb
C:\Users\NamiKuro\Dropbox\Gumball Machine\Debug\Gumball Machine.pdb
C:\Users\NamiKuro\Dropbox\Gumball Machine\Debug\Gumball Machine.exe
C:\Users\NamiKuro\Dropbox\Gumball Machine\Debug\Gumball Machine.ilk
